[master 621af013] Auto-commit: 2026-02-22 12:00 batch update
 2 files changed, 4 insertions(+), 1 deletion(-)
To https://github.com/carteblanchecarriage/keebshelf.git
   5e159776..621af013  master -> master
[2026-02-22 12:00:01] Successfully pushed to GitHub
[master 8ebf38f8] Auto-commit: 2026-02-22 13:00 batch update
 9 files changed, 15073 insertions(+), 1841 deletions(-)
 create mode 100644 data-public.json
 create mode 100644 data.json.backup
To https://github.com/carteblanchecarriage/keebshelf.git
   99d96307..8ebf38f8  master -> master
[2026-02-22 13:00:01] Successfully pushed to GitHub
[master 861e4c71] Auto-commit: 2026-02-22 14:00 batch update
 6 files changed, 123 insertions(+), 13 deletions(-)
To https://github.com/carteblanchecarriage/keebshelf.git
   8ebf38f8..861e4c71  master -> master
[2026-02-22 14:00:01] Successfully pushed to GitHub
[master 069dd869] Auto-commit: 2026-02-22 15:00 batch update
 26 files changed, 2263 insertions(+), 1 deletion(-)
 create mode 100644 node_modules/@cloudflare/kv-asset-handler/README.md
 create mode 100644 node_modules/@cloudflare/kv-asset-handler/dist/index.d.ts
 create mode 100644 node_modules/@cloudflare/kv-asset-handler/dist/index.js
 create mode 100644 node_modules/@cloudflare/kv-asset-handler/dist/mocks.d.ts
 create mode 100644 node_modules/@cloudflare/kv-asset-handler/dist/mocks.js
 create mode 100644 node_modules/@cloudflare/kv-asset-handler/dist/types.d.ts
 create mode 100644 node_modules/@cloudflare/kv-asset-handler/dist/types.js
 create mode 120000 node_modules/@cloudflare/kv-asset-handler/node_modules/.bin/mime
 create mode 100644 node_modules/@cloudflare/kv-asset-handler/node_modules/mime/CHANGELOG.md
 create mode 100644 node_modules/@cloudflare/kv-asset-handler/node_modules/mime/LICENSE
 create mode 100644 node_modules/@cloudflare/kv-asset-handler/node_modules/mime/Mime.js
 create mode 100644 node_modules/@cloudflare/kv-asset-handler/node_modules/mime/README.md
 create mode 100755 node_modules/@cloudflare/kv-asset-handler/node_modules/mime/cli.js
 create mode 100644 node_modules/@cloudflare/kv-asset-handler/node_modules/mime/index.js
 create mode 100644 node_modules/@cloudflare/kv-asset-handler/node_modules/mime/lite.js
 create mode 100644 node_modules/@cloudflare/kv-asset-handler/node_modules/mime/package.json
 create mode 100644 node_modules/@cloudflare/kv-asset-handler/node_modules/mime/types/other.js
 create mode 100644 node_modules/@cloudflare/kv-asset-handler/node_modules/mime/types/standard.js
 create mode 100644 node_modules/@cloudflare/kv-asset-handler/package.json
 create mode 100644 node_modules/@cloudflare/kv-asset-handler/src/index.ts
 create mode 100644 node_modules/@cloudflare/kv-asset-handler/src/mocks.ts
 create mode 100644 node_modules/@cloudflare/kv-asset-handler/src/types.ts
To https://github.com/carteblanchecarriage/keebshelf.git
   c7b398c6..069dd869  master -> master
[2026-02-22 15:00:01] Successfully pushed to GitHub
