[2026-02-22 11:55:02] Starting site cleanup...
[2026-02-22 11:55:02] Checking for broken links...
[2026-02-22 11:56:24] Starting site cleanup...
[2026-02-22 11:56:24] Checking for broken links...
[2026-02-22 11:56:24] Checking for old brand names...
[2026-02-22 11:56:24] API not responding, restarting...
[2026-02-22 11:56:24] Cleanup complete.
---
[2026-02-22 12:00:01] Starting site cleanup...
[2026-02-22 12:00:01] Checking for broken links...
[2026-02-22 12:00:01] Checking for old brand names...
[2026-02-22 12:00:01] API not responding, restarting...
[2026-02-22 12:00:01] Cleanup complete.
---
[2026-02-22 12:15:01] Starting site cleanup...
[2026-02-22 12:15:01] Checking for broken links...
[2026-02-22 12:15:01] Checking for old brand names...
[2026-02-22 12:15:01] API not responding, restarting...
[2026-02-22 12:15:01] Cleanup complete.
---
[2026-02-22 12:30:02] Starting site cleanup...
[2026-02-22 12:30:02] Checking for broken links...
[2026-02-22 12:30:02] Checking for old brand names...
[2026-02-22 12:30:02] API not responding, restarting...
[2026-02-22 12:30:02] Cleanup complete.
---
[2026-02-22 12:45:01] Starting site cleanup...
[2026-02-22 12:45:01] Checking for broken links...
[2026-02-22 12:45:01] Checking for old brand names...
[2026-02-22 12:45:01] API not responding, restarting...
[2026-02-22 12:45:01] Cleanup complete.
---
[2026-02-22 13:00:01] Starting site cleanup...
[2026-02-22 13:00:01] Checking for broken links...
[2026-02-22 13:00:01] Checking for old brand names...
[2026-02-22 13:00:01] API not responding, restarting...
[2026-02-22 13:00:01] Cleanup complete.
---
[2026-02-22 13:15:01] Starting site cleanup...
[2026-02-22 13:15:01] Checking for broken links...
[2026-02-22 13:15:01] Checking for old brand names...
[2026-02-22 13:15:01] API not responding, restarting...
[2026-02-22 13:15:01] Cleanup complete.
---
[2026-02-22 13:30:01] Starting site cleanup...
[2026-02-22 13:30:01] Checking for broken links...
[2026-02-22 13:30:01] Checking for old brand names...
[2026-02-22 13:30:01] API not responding, restarting...
[2026-02-22 13:30:01] Cleanup complete.
---
[2026-02-22 13:45:01] Starting site cleanup...
[2026-02-22 13:45:01] Checking for broken links...
[2026-02-22 13:45:01] Checking for old brand names...
[2026-02-22 13:45:01] API not responding, restarting...
[2026-02-22 13:45:01] Cleanup complete.
---
[2026-02-22 14:00:01] Starting site cleanup...
[2026-02-22 14:00:01] Checking for broken links...
[2026-02-22 14:00:01] Checking for old brand names...
[2026-02-22 14:00:01] API not responding, restarting...
[2026-02-22 14:00:01] Cleanup complete.
---
[2026-02-22 14:15:01] Starting site cleanup...
[2026-02-22 14:15:01] Checking for broken links...
[2026-02-22 14:15:01] Checking for old brand names...
[2026-02-22 14:15:01] API not responding, restarting...
[2026-02-22 14:15:01] Cleanup complete.
---
[2026-02-22 14:30:01] Starting site cleanup...
[2026-02-22 14:30:01] Checking for broken links...
[2026-02-22 14:30:01] Checking for old brand names...
[2026-02-22 14:30:01] API not responding, restarting...
[2026-02-22 14:30:01] Cleanup complete.
---
[2026-02-22 14:45:01] Starting site cleanup...
[2026-02-22 14:45:01] Checking for broken links...
[2026-02-22 14:45:01] Checking for old brand names...
[2026-02-22 14:45:01] API not responding, restarting...
[2026-02-22 14:45:01] Cleanup complete.
---
[2026-02-22 15:00:01] Starting site cleanup...
[2026-02-22 15:00:01] Checking for broken links...
[2026-02-22 15:00:01] Checking for old brand names...
[2026-02-22 15:00:01] API not responding, restarting...
[2026-02-22 15:00:01] Cleanup complete.
---
[2026-02-22 15:15:01] Starting site cleanup...
[2026-02-22 15:15:01] Checking for broken links...
[2026-02-22 15:15:01] Checking for old brand names...
[2026-02-22 15:15:01] API not responding, restarting...
[2026-02-22 15:15:01] Cleanup complete.
---
